============================================================
GENERATING AUGMENTED FORGED IMAGES
============================================================
Source: /home/swatson/work/MachineLearning/kaggle/ScientificImageForgeryDetection/train_images/forged
Output images: /home/swatson/work/MachineLearning/kaggle/ScientificImageForgeryDetection/train_images/forged_augmented
Output masks: /home/swatson/work/MachineLearning/kaggle/ScientificImageForgeryDetection/train_masks_augmented
Augmentations per image: 3

Found 2751 forged images
  Progress: 0/2751
Error augmenting 10296.png (aug 0): Crop size (height, width) exceeds image dimensions (height, width): (480, 480) vs (81, 113)
Error augmenting 10296.png (aug 2): Crop size (height, width) exceeds image dimensions (height, width): (480, 480) vs (81, 113)
Error augmenting 10398.png (aug 1): Crop size (height, width) exceeds image dimensions (height, width): (480, 480) vs (402, 618)
Error augmenting 1041.png (aug 0): Crop size (height, width) exceeds image dimensions (height, width): (480, 480) vs (140, 403)
Error augmenting 10435.png (aug 1): Crop size (height, width) exceeds image dimensions (height, width): (480, 480) vs (422, 1137)
Error augmenting 10448.png (aug 2): Crop size (height, width) exceeds image dimensions (height, width): (480, 480) vs (68, 753)
Error augmenting 10505.png (aug 1): Crop size (height, width) exceeds image dimensions (height, width): (480, 480) vs (102, 986)
Error augmenting 10570.png (aug 2): Crop size (height, width) exceeds image dimensions (height, width): (480, 480) vs (458, 1216)
Error augmenting 10878.png (aug 0): Crop size (height, width) exceeds image dimensions (height, width): (480, 480) vs (507, 180)
Error augmenting 10878.png (aug 2): Crop size (height, width) exceeds image dimensions (height, width): (480, 480) vs (507, 180)
Error augmenting 10911.png (aug 0): Crop size (height, width) exceeds image dimensions (height, width): (480, 480) vs (256, 256)
Error augmenting 10939.png (aug 2): Crop size (height, width) exceeds image dimensions (height, width): (480, 480) vs (360, 360)
Error augmenting 10951.png (aug 0): Crop size (height, width) exceeds image dimensions (height, width): (480, 480) vs (177, 673)
Error augmenting 10951.png (aug 1): Crop size (height, width) exceeds image dimensions (height, width): (480, 480) vs (177, 673)
Error augmenting 10951.png (aug 2): Crop size (height, width) exceeds image dimensions (height, width): (480, 480) vs (177, 673)
Error augmenting 11130.png (aug 1): Crop size (height, width) exceeds image dimensions (height, width): (480, 480) vs (439, 419)
Error augmenting 11130.png (aug 2): Crop size (height, width) exceeds image dimensions (height, width): (480, 480) vs (439, 419)
Error augmenting 11356.png (aug 2): Crop size (height, width) exceeds image dimensions (height, width): (480, 480) vs (256, 256)
Error augmenting 1137.png (aug 0): Crop size (height, width) exceeds image dimensions (height, width): (480, 480) vs (480, 270)
Error augmenting 1137.png (aug 2): Crop size (height, width) exceeds image dimensions (height, width): (480, 480) vs (270, 480)
Error augmenting 11440.png (aug 0): Crop size (height, width) exceeds image dimensions (height, width): (480, 480) vs (256, 320)
Error augmenting 11501.png (aug 0): Crop size (height, width) exceeds image dimensions (height, width): (480, 480) vs (418, 1409)
Error augmenting 11501.png (aug 2): Crop size (height, width) exceeds image dimensions (height, width): (480, 480) vs (418, 1409)
Error augmenting 11698.png (aug 0): Crop size (height, width) exceeds image dimensions (height, width): (480, 480) vs (67, 398)
Error augmenting 11942.png (aug 0): Crop size (height, width) exceeds image dimensions (height, width): (480, 480) vs (256, 256)
Error augmenting 12064.png (aug 2): Crop size (height, width) exceeds image dimensions (height, width): (480, 480) vs (216, 569)
Error augmenting 12073.png (aug 0): Crop size (height, width) exceeds image dimensions (height, width): (480, 480) vs (256, 256)
Error augmenting 1225.png (aug 2): Crop size (height, width) exceeds image dimensions (height, width): (480, 480) vs (254, 600)
Error augmenting 12366.png (aug 0): Crop size (height, width) exceeds image dimensions (height, width): (480, 480) vs (256, 320)
Error augmenting 12366.png (aug 1): Crop size (height, width) exceeds image dimensions (height, width): (480, 480) vs (256, 320)
Error augmenting 12446.png (aug 2): Crop size (height, width) exceeds image dimensions (height, width): (480, 480) vs (256, 320)
Error augmenting 12589.png (aug 1): Crop size (height, width) exceeds image dimensions (height, width): (480, 480) vs (256, 320)
Error augmenting 12589.png (aug 2): Crop size (height, width) exceeds image dimensions (height, width): (480, 480) vs (256, 320)
Error augmenting 12705.png (aug 0): Crop size (height, width) exceeds image dimensions (height, width): (480, 480) vs (256, 320)
Error augmenting 12823.png (aug 0): Crop size (height, width) exceeds image dimensions (height, width): (480, 480) vs (360, 360)
Error augmenting 13020.png (aug 1): Crop size (height, width) exceeds image dimensions (height, width): (480, 480) vs (96, 416)
Error augmenting 13510.png (aug 0): Crop size (height, width) exceeds image dimensions (height, width): (480, 480) vs (341, 311)
Error augmenting 13799.png (aug 0): Crop size (height, width) exceeds image dimensions (height, width): (480, 480) vs (100, 742)
Error augmenting 13799.png (aug 1): Crop size (height, width) exceeds image dimensions (height, width): (480, 480) vs (100, 742)
Error augmenting 13839.png (aug 0): Crop size (height, width) exceeds image dimensions (height, width): (480, 480) vs (351, 694)
Error augmenting 13839.png (aug 1): Crop size (height, width) exceeds image dimensions (height, width): (480, 480) vs (351, 694)
Error augmenting 13893.png (aug 1): Crop size (height, width) exceeds image dimensions (height, width): (480, 480) vs (184, 1264)
Error augmenting 14205.png (aug 1): Crop size (height, width) exceeds image dimensions (height, width): (480, 480) vs (77, 984)
Error augmenting 14401.png (aug 1): Crop size (height, width) exceeds image dimensions (height, width): (480, 480) vs (67, 398)
Error augmenting 14462.png (aug 0): Crop size (height, width) exceeds image dimensions (height, width): (480, 480) vs (424, 375)
Error augmenting 14618.png (aug 2): Crop size (height, width) exceeds image dimensions (height, width): (480, 480) vs (256, 256)
Error augmenting 14624.png (aug 2): Crop size (height, width) exceeds image dimensions (height, width): (480, 480) vs (360, 360)
Error augmenting 14770.png (aug 0): Crop size (height, width) exceeds image dimensions (height, width): (480, 480) vs (96, 517)
Error augmenting 14776.png (aug 0): Crop size (height, width) exceeds image dimensions (height, width): (480, 480) vs (107, 534)
Error augmenting 14820.png (aug 1): Crop size (height, width) exceeds image dimensions (height, width): (480, 480) vs (419, 1608)
Error augmenting 14988.png (aug 2): Crop size (height, width) exceeds image dimensions (height, width): (480, 480) vs (256, 256)
Error augmenting 15171.png (aug 0): Crop size (height, width) exceeds image dimensions (height, width): (480, 480) vs (360, 360)
Error augmenting 15171.png (aug 1): Crop size (height, width) exceeds image dimensions (height, width): (480, 480) vs (360, 360)
Error augmenting 15176.png (aug 0): Crop size (height, width) exceeds image dimensions (height, width): (480, 480) vs (89, 260)
Error augmenting 15205.png (aug 1): Crop size (height, width) exceeds image dimensions (height, width): (480, 480) vs (88, 502)
Error augmenting 15573.png (aug 0): Crop size (height, width) exceeds image dimensions (height, width): (480, 480) vs (256, 256)
Error augmenting 15767.png (aug 2): Crop size (height, width) exceeds image dimensions (height, width): (480, 480) vs (445, 1608)
Error augmenting 15860.png (aug 2): Crop size (height, width) exceeds image dimensions (height, width): (480, 480) vs (360, 360)
Error augmenting 15913.png (aug 1): Crop size (height, width) exceeds image dimensions (height, width): (480, 480) vs (256, 256)
Error augmenting 16534.png (aug 0): Crop size (height, width) exceeds image dimensions (height, width): (480, 480) vs (172, 196)
Error augmenting 16612.png (aug 2): Crop size (height, width) exceeds image dimensions (height, width): (480, 480) vs (273, 753)
Error augmenting 16648.png (aug 0): Crop size (height, width) exceeds image dimensions (height, width): (480, 480) vs (360, 360)
Error augmenting 16667.png (aug 2): Crop size (height, width) exceeds image dimensions (height, width): (480, 480) vs (256, 256)
Error augmenting 1686.png (aug 1): Crop size (height, width) exceeds image dimensions (height, width): (480, 480) vs (103, 484)
Error augmenting 17008.png (aug 0): Crop size (height, width) exceeds image dimensions (height, width): (480, 480) vs (164, 659)
Error augmenting 17268.png (aug 0): Crop size (height, width) exceeds image dimensions (height, width): (480, 480) vs (99, 1041)
Error augmenting 17388.png (aug 1): Crop size (height, width) exceeds image dimensions (height, width): (480, 480) vs (100, 609)
Error augmenting 176.png (aug 0): Crop size (height, width) exceeds image dimensions (height, width): (480, 480) vs (85, 517)
Error augmenting 17846.png (aug 1): Crop size (height, width) exceeds image dimensions (height, width): (480, 480) vs (91, 530)
Error augmenting 17923.png (aug 0): Crop size (height, width) exceeds image dimensions (height, width): (480, 480) vs (581, 233)
Error augmenting 18153.png (aug 1): Crop size (height, width) exceeds image dimensions (height, width): (480, 480) vs (360, 360)
Error augmenting 18554.png (aug 2): Crop size (height, width) exceeds image dimensions (height, width): (480, 480) vs (256, 320)
Error augmenting 18760.png (aug 2): Crop size (height, width) exceeds image dimensions (height, width): (480, 480) vs (90, 817)
Error augmenting 18781.png (aug 0): Crop size (height, width) exceeds image dimensions (height, width): (480, 480) vs (256, 320)
Error augmenting 19054.png (aug 0): Crop size (height, width) exceeds image dimensions (height, width): (480, 480) vs (70, 448)
Error augmenting 19130.png (aug 0): Crop size (height, width) exceeds image dimensions (height, width): (480, 480) vs (256, 256)
Error augmenting 19281.png (aug 2): Crop size (height, width) exceeds image dimensions (height, width): (480, 480) vs (391, 978)
Error augmenting 19332.png (aug 2): Crop size (height, width) exceeds image dimensions (height, width): (480, 480) vs (256, 256)
Error augmenting 1940.png (aug 1): Crop size (height, width) exceeds image dimensions (height, width): (480, 480) vs (502, 88)
Error augmenting 19627.png (aug 1): Crop size (height, width) exceeds image dimensions (height, width): (480, 480) vs (256, 256)
Error augmenting 19718.png (aug 2): Crop size (height, width) exceeds image dimensions (height, width): (480, 480) vs (118, 843)
Error augmenting 19775.png (aug 2): Crop size (height, width) exceeds image dimensions (height, width): (480, 480) vs (256, 256)
Error augmenting 19981.png (aug 1): Crop size (height, width) exceeds image dimensions (height, width): (480, 480) vs (901, 180)
Error augmenting 19981.png (aug 2): Crop size (height, width) exceeds image dimensions (height, width): (480, 480) vs (180, 901)
Error augmenting 19986.png (aug 0): Crop size (height, width) exceeds image dimensions (height, width): (480, 480) vs (420, 590)
Error augmenting 20270.png (aug 0): Crop size (height, width) exceeds image dimensions (height, width): (480, 480) vs (360, 360)
Error augmenting 20343.png (aug 1): Crop size (height, width) exceeds image dimensions (height, width): (480, 480) vs (128, 121)
Error augmenting 20409.png (aug 1): Crop size (height, width) exceeds image dimensions (height, width): (480, 480) vs (256, 256)
Error augmenting 20409.png (aug 2): Crop size (height, width) exceeds image dimensions (height, width): (480, 480) vs (256, 256)
Error augmenting 2050.png (aug 2): Crop size (height, width) exceeds image dimensions (height, width): (480, 480) vs (256, 256)
Error augmenting 20507.png (aug 2): Crop size (height, width) exceeds image dimensions (height, width): (480, 480) vs (340, 494)
  Progress: 500/2751
Error augmenting 20751.png (aug 0): Crop size (height, width) exceeds image dimensions (height, width): (480, 480) vs (256, 256)
Error augmenting 20751.png (aug 2): Crop size (height, width) exceeds image dimensions (height, width): (480, 480) vs (256, 256)
Error augmenting 20800.png (aug 1): Crop size (height, width) exceeds image dimensions (height, width): (480, 480) vs (273, 1615)
Error augmenting 20833.png (aug 1): Crop size (height, width) exceeds image dimensions (height, width): (480, 480) vs (1325, 132)
Error augmenting 209.png (aug 0): Crop size (height, width) exceeds image dimensions (height, width): (480, 480) vs (1501, 233)
Error augmenting 21034.png (aug 2): Crop size (height, width) exceeds image dimensions (height, width): (480, 480) vs (287, 1440)
Error augmenting 21375.png (aug 0): Crop size (height, width) exceeds image dimensions (height, width): (480, 480) vs (256, 256)
Error augmenting 21540.png (aug 2): Crop size (height, width) exceeds image dimensions (height, width): (480, 480) vs (256, 256)
Error augmenting 21603.png (aug 0): Crop size (height, width) exceeds image dimensions (height, width): (480, 480) vs (360, 360)
Error augmenting 21603.png (aug 1): Crop size (height, width) exceeds image dimensions (height, width): (480, 480) vs (360, 360)
Error augmenting 21603.png (aug 2): Crop size (height, width) exceeds image dimensions (height, width): (480, 480) vs (360, 360)
Error augmenting 21728.png (aug 0): Crop size (height, width) exceeds image dimensions (height, width): (480, 480) vs (101, 610)
Error augmenting 21851.png (aug 0): Crop size (height, width) exceeds image dimensions (height, width): (480, 480) vs (360, 360)
Error augmenting 22164.png (aug 1): Crop size (height, width) exceeds image dimensions (height, width): (480, 480) vs (360, 360)
Error augmenting 2230.png (aug 1): Crop size (height, width) exceeds image dimensions (height, width): (480, 480) vs (479, 283)
Error augmenting 22323.png (aug 1): Crop size (height, width) exceeds image dimensions (height, width): (480, 480) vs (92, 569)
Error augmenting 22797.png (aug 2): Crop size (height, width) exceeds image dimensions (height, width): (480, 480) vs (199, 192)
Error augmenting 22834.png (aug 2): Crop size (height, width) exceeds image dimensions (height, width): (480, 480) vs (256, 256)
Error augmenting 23105.png (aug 0): Crop size (height, width) exceeds image dimensions (height, width): (480, 480) vs (89, 820)
Error augmenting 23391.png (aug 1): Crop size (height, width) exceeds image dimensions (height, width): (480, 480) vs (98, 723)
Error augmenting 23391.png (aug 2): Crop size (height, width) exceeds image dimensions (height, width): (480, 480) vs (98, 723)
Error augmenting 2357.png (aug 1): Crop size (height, width) exceeds image dimensions (height, width): (480, 480) vs (187, 1451)
Error augmenting 23772.png (aug 0): Crop size (height, width) exceeds image dimensions (height, width): (480, 480) vs (157, 1295)
Error augmenting 23860.png (aug 2): Crop size (height, width) exceeds image dimensions (height, width): (480, 480) vs (256, 320)
Error augmenting 23868.png (aug 2): Crop size (height, width) exceeds image dimensions (height, width): (480, 480) vs (262, 2225)
Error augmenting 24147.png (aug 0): Crop size (height, width) exceeds image dimensions (height, width): (480, 480) vs (135, 616)
Error augmenting 24147.png (aug 2): Crop size (height, width) exceeds image dimensions (height, width): (480, 480) vs (135, 616)
Error augmenting 24348.png (aug 1): Crop size (height, width) exceeds image dimensions (height, width): (480, 480) vs (256, 320)
Error augmenting 24386.png (aug 0): Crop size (height, width) exceeds image dimensions (height, width): (480, 480) vs (264, 241)
Error augmenting 24386.png (aug 1): Crop size (height, width) exceeds image dimensions (height, width): (480, 480) vs (264, 241)
Error augmenting 24615.png (aug 0): Crop size (height, width) exceeds image dimensions (height, width): (480, 480) vs (256, 320)
Error augmenting 24635.png (aug 1): Crop size (height, width) exceeds image dimensions (height, width): (480, 480) vs (268, 297)
Error augmenting 24686.png (aug 0): Crop size (height, width) exceeds image dimensions (height, width): (480, 480) vs (256, 256)
Error augmenting 24755.png (aug 1): Crop size (height, width) exceeds image dimensions (height, width): (480, 480) vs (1259, 80)
Error augmenting 2476.png (aug 1): Crop size (height, width) exceeds image dimensions (height, width): (480, 480) vs (256, 256)
Error augmenting 25003.png (aug 2): Crop size (height, width) exceeds image dimensions (height, width): (480, 480) vs (256, 256)
Error augmenting 25124.png (aug 2): Crop size (height, width) exceeds image dimensions (height, width): (480, 480) vs (141, 340)
Error augmenting 25344.png (aug 1): Crop size (height, width) exceeds image dimensions (height, width): (480, 480) vs (361, 448)
Error augmenting 25434.png (aug 0): Crop size (height, width) exceeds image dimensions (height, width): (480, 480) vs (96, 416)
Error augmenting 25520.png (aug 0): Crop size (height, width) exceeds image dimensions (height, width): (480, 480) vs (256, 256)
Error augmenting 25749.png (aug 1): Crop size (height, width) exceeds image dimensions (height, width): (480, 480) vs (360, 360)
Error augmenting 26015.png (aug 1): Crop size (height, width) exceeds image dimensions (height, width): (480, 480) vs (256, 256)
Error augmenting 26121.png (aug 1): Crop size (height, width) exceeds image dimensions (height, width): (480, 480) vs (64, 1192)
Error augmenting 26206.png (aug 2): Crop size (height, width) exceeds image dimensions (height, width): (480, 480) vs (85, 549)
Error augmenting 26208.png (aug 0): Crop size (height, width) exceeds image dimensions (height, width): (480, 480) vs (288, 149)
Error augmenting 26292.png (aug 0): Crop size (height, width) exceeds image dimensions (height, width): (480, 480) vs (110, 602)
Error augmenting 26313.png (aug 2): Crop size (height, width) exceeds image dimensions (height, width): (480, 480) vs (75, 1067)
Error augmenting 26370.png (aug 0): Crop size (height, width) exceeds image dimensions (height, width): (480, 480) vs (360, 360)
Error augmenting 26499.png (aug 2): Crop size (height, width) exceeds image dimensions (height, width): (480, 480) vs (164, 1015)
Error augmenting 26523.png (aug 0): Crop size (height, width) exceeds image dimensions (height, width): (480, 480) vs (256, 256)
Error augmenting 26606.png (aug 0): Crop size (height, width) exceeds image dimensions (height, width): (480, 480) vs (256, 320)
Error augmenting 26606.png (aug 2): Crop size (height, width) exceeds image dimensions (height, width): (480, 480) vs (320, 256)
Error augmenting 26894.png (aug 2): Crop size (height, width) exceeds image dimensions (height, width): (480, 480) vs (117, 565)
Error augmenting 26929.png (aug 2): Crop size (height, width) exceeds image dimensions (height, width): (480, 480) vs (273, 232)
Error augmenting 27300.png (aug 2): Crop size (height, width) exceeds image dimensions (height, width): (480, 480) vs (256, 320)
Error augmenting 27606.png (aug 0): Crop size (height, width) exceeds image dimensions (height, width): (480, 480) vs (256, 256)
Error augmenting 27606.png (aug 2): Crop size (height, width) exceeds image dimensions (height, width): (480, 480) vs (256, 256)
Error augmenting 27705.png (aug 2): Crop size (height, width) exceeds image dimensions (height, width): (480, 480) vs (256, 256)
Error augmenting 27722.png (aug 1): Crop size (height, width) exceeds image dimensions (height, width): (480, 480) vs (513, 223)
Error augmenting 27862.png (aug 0): Crop size (height, width) exceeds image dimensions (height, width): (480, 480) vs (2415, 179)
Error augmenting 27862.png (aug 1): Crop size (height, width) exceeds image dimensions (height, width): (480, 480) vs (179, 2415)
Error augmenting 28213.png (aug 2): Crop size (height, width) exceeds image dimensions (height, width): (480, 480) vs (256, 320)
Error augmenting 28245.png (aug 1): Crop size (height, width) exceeds image dimensions (height, width): (480, 480) vs (1123, 86)
Error augmenting 28279.png (aug 2): Crop size (height, width) exceeds image dimensions (height, width): (480, 480) vs (256, 256)
Error augmenting 28355.png (aug 1): Crop size (height, width) exceeds image dimensions (height, width): (480, 480) vs (256, 256)
Error augmenting 28465.png (aug 1): Crop size (height, width) exceeds image dimensions (height, width): (480, 480) vs (256, 256)
Error augmenting 28496.png (aug 0): Crop size (height, width) exceeds image dimensions (height, width): (480, 480) vs (256, 256)
Error augmenting 2855.png (aug 2): Crop size (height, width) exceeds image dimensions (height, width): (480, 480) vs (115, 662)
Error augmenting 287.png (aug 0): Crop size (height, width) exceeds image dimensions (height, width): (480, 480) vs (343, 1021)
Error augmenting 28800.png (aug 2): Crop size (height, width) exceeds image dimensions (height, width): (480, 480) vs (256, 256)
Error augmenting 28949.png (aug 0): Crop size (height, width) exceeds image dimensions (height, width): (480, 480) vs (113, 698)
Error augmenting 29025.png (aug 1): Crop size (height, width) exceeds image dimensions (height, width): (480, 480) vs (270, 1668)
Error augmenting 29076.png (aug 0): Crop size (height, width) exceeds image dimensions (height, width): (480, 480) vs (436, 638)
Error augmenting 29076.png (aug 2): Crop size (height, width) exceeds image dimensions (height, width): (480, 480) vs (436, 638)
Error augmenting 29464.png (aug 1): Crop size (height, width) exceeds image dimensions (height, width): (480, 480) vs (256, 256)
Error augmenting 29464.png (aug 2): Crop size (height, width) exceeds image dimensions (height, width): (480, 480) vs (256, 256)
Error augmenting 29466.png (aug 1): Crop size (height, width) exceeds image dimensions (height, width): (480, 480) vs (135, 475)
Error augmenting 29466.png (aug 2): Crop size (height, width) exceeds image dimensions (height, width): (480, 480) vs (135, 475)
Error augmenting 29503.png (aug 1): Crop size (height, width) exceeds image dimensions (height, width): (480, 480) vs (94, 405)
Error augmenting 29535.png (aug 0): Crop size (height, width) exceeds image dimensions (height, width): (480, 480) vs (157, 787)
Error augmenting 29605.png (aug 2): Crop size (height, width) exceeds image dimensions (height, width): (480, 480) vs (256, 320)
Error augmenting 29607.png (aug 0): Crop size (height, width) exceeds image dimensions (height, width): (480, 480) vs (256, 320)
Error augmenting 2966.png (aug 1): Crop size (height, width) exceeds image dimensions (height, width): (480, 480) vs (256, 256)
Error augmenting 2966.png (aug 2): Crop size (height, width) exceeds image dimensions (height, width): (480, 480) vs (256, 256)
Error augmenting 30050.png (aug 2): Crop size (height, width) exceeds image dimensions (height, width): (480, 480) vs (704, 204)
Error augmenting 30307.png (aug 0): Crop size (height, width) exceeds image dimensions (height, width): (480, 480) vs (159, 1306)
Error augmenting 30340.png (aug 0): Crop size (height, width) exceeds image dimensions (height, width): (480, 480) vs (256, 256)
Error augmenting 30389.png (aug 1): Crop size (height, width) exceeds image dimensions (height, width): (480, 480) vs (256, 256)
Error augmenting 30389.png (aug 2): Crop size (height, width) exceeds image dimensions (height, width): (480, 480) vs (256, 256)
Error augmenting 30572.png (aug 2): Crop size (height, width) exceeds image dimensions (height, width): (480, 480) vs (256, 256)
Error augmenting 30629.png (aug 0): Crop size (height, width) exceeds image dimensions (height, width): (480, 480) vs (379, 470)
Error augmenting 30629.png (aug 1): Crop size (height, width) exceeds image dimensions (height, width): (480, 480) vs (379, 470)
  Progress: 1000/2751
Error augmenting 31040.png (aug 1): Crop size (height, width) exceeds image dimensions (height, width): (480, 480) vs (135, 1443)
Error augmenting 31086.png (aug 0): Crop size (height, width) exceeds image dimensions (height, width): (480, 480) vs (287, 1440)
Error augmenting 3110.png (aug 2): Crop size (height, width) exceeds image dimensions (height, width): (480, 480) vs (941, 167)
Error augmenting 31186.png (aug 0): Crop size (height, width) exceeds image dimensions (height, width): (480, 480) vs (360, 360)
Error augmenting 31186.png (aug 1): Crop size (height, width) exceeds image dimensions (height, width): (480, 480) vs (360, 360)
Error augmenting 31725.png (aug 1): Crop size (height, width) exceeds image dimensions (height, width): (480, 480) vs (381, 538)
Error augmenting 31725.png (aug 2): Crop size (height, width) exceeds image dimensions (height, width): (480, 480) vs (538, 381)
Error augmenting 31907.png (aug 2): Crop size (height, width) exceeds image dimensions (height, width): (480, 480) vs (256, 256)
Error augmenting 31956.png (aug 0): Crop size (height, width) exceeds image dimensions (height, width): (480, 480) vs (360, 360)
Error augmenting 32139.png (aug 1): Crop size (height, width) exceeds image dimensions (height, width): (480, 480) vs (360, 360)
Error augmenting 32139.png (aug 2): Crop size (height, width) exceeds image dimensions (height, width): (480, 480) vs (360, 360)
Error augmenting 32201.png (aug 1): Crop size (height, width) exceeds image dimensions (height, width): (480, 480) vs (212, 1083)
Error augmenting 32259.png (aug 0): Crop size (height, width) exceeds image dimensions (height, width): (480, 480) vs (360, 360)
Error augmenting 32259.png (aug 2): Crop size (height, width) exceeds image dimensions (height, width): (480, 480) vs (360, 360)
Error augmenting 32973.png (aug 2): Crop size (height, width) exceeds image dimensions (height, width): (480, 480) vs (121, 467)
Error augmenting 32989.png (aug 2): Crop size (height, width) exceeds image dimensions (height, width): (480, 480) vs (144, 794)
Error augmenting 33041.png (aug 0): Crop size (height, width) exceeds image dimensions (height, width): (480, 480) vs (360, 360)
Error augmenting 33064.png (aug 1): Crop size (height, width) exceeds image dimensions (height, width): (480, 480) vs (360, 360)
Error augmenting 33296.png (aug 0): Crop size (height, width) exceeds image dimensions (height, width): (480, 480) vs (302, 518)
Error augmenting 33686.png (aug 1): Crop size (height, width) exceeds image dimensions (height, width): (480, 480) vs (204, 1662)
Error augmenting 33735.png (aug 0): Crop size (height, width) exceeds image dimensions (height, width): (480, 480) vs (104, 419)
Error augmenting 33735.png (aug 1): Crop size (height, width) exceeds image dimensions (height, width): (480, 480) vs (104, 419)
Error augmenting 33735.png (aug 2): Crop size (height, width) exceeds image dimensions (height, width): (480, 480) vs (104, 419)
Error augmenting 339.png (aug 0): Crop size (height, width) exceeds image dimensions (height, width): (480, 480) vs (220, 821)
Error augmenting 34005.png (aug 0): Crop size (height, width) exceeds image dimensions (height, width): (480, 480) vs (256, 256)
Error augmenting 34036.png (aug 1): Crop size (height, width) exceeds image dimensions (height, width): (480, 480) vs (270, 750)
Error augmenting 34211.png (aug 0): Crop size (height, width) exceeds image dimensions (height, width): (480, 480) vs (94, 366)
Error augmenting 34526.png (aug 0): Crop size (height, width) exceeds image dimensions (height, width): (480, 480) vs (186, 875)
Error augmenting 34769.png (aug 2): Crop size (height, width) exceeds image dimensions (height, width): (480, 480) vs (498, 246)
Error augmenting 34908.png (aug 1): Crop size (height, width) exceeds image dimensions (height, width): (480, 480) vs (256, 320)
Error augmenting 35035.png (aug 1): Crop size (height, width) exceeds image dimensions (height, width): (480, 480) vs (100, 686)
Error augmenting 35385.png (aug 1): Crop size (height, width) exceeds image dimensions (height, width): (480, 480) vs (152, 1305)
Error augmenting 35570.png (aug 1): Crop size (height, width) exceeds image dimensions (height, width): (480, 480) vs (69, 517)
Error augmenting 35570.png (aug 2): Crop size (height, width) exceeds image dimensions (height, width): (480, 480) vs (69, 517)
Error augmenting 35578.png (aug 1): Crop size (height, width) exceeds image dimensions (height, width): (480, 480) vs (564, 179)
Error augmenting 35850.png (aug 0): Crop size (height, width) exceeds image dimensions (height, width): (480, 480) vs (297, 204)
Error augmenting 35871.png (aug 0): Crop size (height, width) exceeds image dimensions (height, width): (480, 480) vs (256, 256)
Error augmenting 3598.png (aug 1): Crop size (height, width) exceeds image dimensions (height, width): (480, 480) vs (243, 1138)
Error augmenting 36035.png (aug 0): Crop size (height, width) exceeds image dimensions (height, width): (480, 480) vs (256, 256)
Error augmenting 36035.png (aug 1): Crop size (height, width) exceeds image dimensions (height, width): (480, 480) vs (256, 256)
Error augmenting 36106.png (aug 2): Crop size (height, width) exceeds image dimensions (height, width): (480, 480) vs (133, 609)
Error augmenting 36705.png (aug 0): Crop size (height, width) exceeds image dimensions (height, width): (480, 480) vs (360, 360)
Error augmenting 36705.png (aug 2): Crop size (height, width) exceeds image dimensions (height, width): (480, 480) vs (360, 360)
Error augmenting 36715.png (aug 1): Crop size (height, width) exceeds image dimensions (height, width): (480, 480) vs (256, 320)
Error augmenting 36949.png (aug 0): Crop size (height, width) exceeds image dimensions (height, width): (480, 480) vs (360, 360)
Error augmenting 37143.png (aug 2): Crop size (height, width) exceeds image dimensions (height, width): (480, 480) vs (131, 546)
Error augmenting 37528.png (aug 2): Crop size (height, width) exceeds image dimensions (height, width): (480, 480) vs (256, 320)
Error augmenting 37783.png (aug 0): Crop size (height, width) exceeds image dimensions (height, width): (480, 480) vs (483, 251)
Error augmenting 37816.png (aug 0): Crop size (height, width) exceeds image dimensions (height, width): (480, 480) vs (121, 963)
Error augmenting 37827.png (aug 1): Crop size (height, width) exceeds image dimensions (height, width): (480, 480) vs (419, 1539)
Error augmenting 37830.png (aug 0): Crop size (height, width) exceeds image dimensions (height, width): (480, 480) vs (256, 256)
Error augmenting 37880.png (aug 0): Crop size (height, width) exceeds image dimensions (height, width): (480, 480) vs (246, 226)
Error augmenting 37880.png (aug 1): Crop size (height, width) exceeds image dimensions (height, width): (480, 480) vs (246, 226)
Error augmenting 37966.png (aug 1): Crop size (height, width) exceeds image dimensions (height, width): (480, 480) vs (360, 360)
Error augmenting 37980.png (aug 0): Crop size (height, width) exceeds image dimensions (height, width): (480, 480) vs (68, 391)
Error augmenting 38038.png (aug 2): Crop size (height, width) exceeds image dimensions (height, width): (480, 480) vs (102, 986)
Error augmenting 38160.png (aug 0): Crop size (height, width) exceeds image dimensions (height, width): (480, 480) vs (264, 1267)
Error augmenting 38205.png (aug 1): Crop size (height, width) exceeds image dimensions (height, width): (480, 480) vs (256, 256)
Error augmenting 38471.png (aug 1): Crop size (height, width) exceeds image dimensions (height, width): (480, 480) vs (256, 256)
Error augmenting 38613.png (aug 2): Crop size (height, width) exceeds image dimensions (height, width): (480, 480) vs (256, 256)
Error augmenting 38625.png (aug 1): Crop size (height, width) exceeds image dimensions (height, width): (480, 480) vs (256, 256)
Error augmenting 39015.png (aug 0): Crop size (height, width) exceeds image dimensions (height, width): (480, 480) vs (256, 256)
Error augmenting 3934.png (aug 0): Crop size (height, width) exceeds image dimensions (height, width): (480, 480) vs (256, 256)
Error augmenting 39341.png (aug 2): Crop size (height, width) exceeds image dimensions (height, width): (480, 480) vs (81, 418)
Error augmenting 39388.png (aug 1): Crop size (height, width) exceeds image dimensions (height, width): (480, 480) vs (127, 719)
Error augmenting 39625.png (aug 1): Crop size (height, width) exceeds image dimensions (height, width): (480, 480) vs (256, 256)
Error augmenting 39638.png (aug 1): Crop size (height, width) exceeds image dimensions (height, width): (480, 480) vs (256, 256)
Error augmenting 39702.png (aug 0): Crop size (height, width) exceeds image dimensions (height, width): (480, 480) vs (256, 320)
Error augmenting 39719.png (aug 0): Crop size (height, width) exceeds image dimensions (height, width): (480, 480) vs (118, 568)
Error augmenting 39903.png (aug 1): Crop size (height, width) exceeds image dimensions (height, width): (480, 480) vs (256, 320)
Error augmenting 3991.png (aug 0): Crop size (height, width) exceeds image dimensions (height, width): (480, 480) vs (586, 460)
Error augmenting 3991.png (aug 1): Crop size (height, width) exceeds image dimensions (height, width): (480, 480) vs (586, 460)
Error augmenting 3991.png (aug 2): Crop size (height, width) exceeds image dimensions (height, width): (480, 480) vs (460, 586)
Error augmenting 40191.png (aug 0): Crop size (height, width) exceeds image dimensions (height, width): (480, 480) vs (256, 320)
Error augmenting 40191.png (aug 2): Crop size (height, width) exceeds image dimensions (height, width): (480, 480) vs (256, 320)
Error augmenting 40351.png (aug 1): Crop size (height, width) exceeds image dimensions (height, width): (480, 480) vs (206, 715)
Error augmenting 40351.png (aug 2): Crop size (height, width) exceeds image dimensions (height, width): (480, 480) vs (206, 715)
Error augmenting 40354.png (aug 0): Crop size (height, width) exceeds image dimensions (height, width): (480, 480) vs (105, 541)
Error augmenting 40491.png (aug 2): Crop size (height, width) exceeds image dimensions (height, width): (480, 480) vs (260, 347)
Error augmenting 40519.png (aug 0): Crop size (height, width) exceeds image dimensions (height, width): (480, 480) vs (256, 256)
Error augmenting 40782.png (aug 0): Crop size (height, width) exceeds image dimensions (height, width): (480, 480) vs (370, 123)
Error augmenting 40834.png (aug 2): Crop size (height, width) exceeds image dimensions (height, width): (480, 480) vs (256, 256)
Error augmenting 40938.png (aug 0): Crop size (height, width) exceeds image dimensions (height, width): (480, 480) vs (256, 256)
Error augmenting 41081.png (aug 1): Crop size (height, width) exceeds image dimensions (height, width): (480, 480) vs (312, 909)
Error augmenting 41081.png (aug 2): Crop size (height, width) exceeds image dimensions (height, width): (480, 480) vs (909, 312)
  Progress: 1500/2751
Error augmenting 41171.png (aug 1): Crop size (height, width) exceeds image dimensions (height, width): (480, 480) vs (131, 1265)
Error augmenting 41229.png (aug 1): Crop size (height, width) exceeds image dimensions (height, width): (480, 480) vs (256, 256)
Error augmenting 41585.png (aug 2): Crop size (height, width) exceeds image dimensions (height, width): (480, 480) vs (360, 360)
Error augmenting 41618.png (aug 0): Crop size (height, width) exceeds image dimensions (height, width): (480, 480) vs (360, 360)
Error augmenting 41629.png (aug 2): Crop size (height, width) exceeds image dimensions (height, width): (480, 480) vs (256, 256)
Error augmenting 41930.png (aug 0): Crop size (height, width) exceeds image dimensions (height, width): (480, 480) vs (669, 309)
Error augmenting 41930.png (aug 1): Crop size (height, width) exceeds image dimensions (height, width): (480, 480) vs (669, 309)
Error augmenting 42118.png (aug 1): Crop size (height, width) exceeds image dimensions (height, width): (480, 480) vs (256, 256)
Error augmenting 42203.png (aug 0): Crop size (height, width) exceeds image dimensions (height, width): (480, 480) vs (518, 125)
Error augmenting 42203.png (aug 1): Crop size (height, width) exceeds image dimensions (height, width): (480, 480) vs (125, 518)
Error augmenting 42287.png (aug 0): Crop size (height, width) exceeds image dimensions (height, width): (480, 480) vs (256, 256)
Error augmenting 42289.png (aug 1): Crop size (height, width) exceeds image dimensions (height, width): (480, 480) vs (215, 816)
Error augmenting 42391.png (aug 0): Crop size (height, width) exceeds image dimensions (height, width): (480, 480) vs (479, 923)
Error augmenting 42698.png (aug 2): Crop size (height, width) exceeds image dimensions (height, width): (480, 480) vs (125, 1267)
Error augmenting 42776.png (aug 0): Crop size (height, width) exceeds image dimensions (height, width): (480, 480) vs (364, 375)
Error augmenting 42886.png (aug 2): Crop size (height, width) exceeds image dimensions (height, width): (480, 480) vs (158, 899)
Error augmenting 43120.png (aug 2): Crop size (height, width) exceeds image dimensions (height, width): (480, 480) vs (1005, 431)
Error augmenting 43222.png (aug 0): Crop size (height, width) exceeds image dimensions (height, width): (480, 480) vs (360, 360)
Error augmenting 4326.png (aug 1): Crop size (height, width) exceeds image dimensions (height, width): (480, 480) vs (360, 360)
Error augmenting 43301.png (aug 2): Crop size (height, width) exceeds image dimensions (height, width): (480, 480) vs (91, 593)
Error augmenting 43703.png (aug 2): Crop size (height, width) exceeds image dimensions (height, width): (480, 480) vs (573, 355)
Error augmenting 43915.png (aug 1): Crop size (height, width) exceeds image dimensions (height, width): (480, 480) vs (320, 256)
Error augmenting 44122.png (aug 0): Crop size (height, width) exceeds image dimensions (height, width): (480, 480) vs (360, 360)
Error augmenting 44171.png (aug 0): Crop size (height, width) exceeds image dimensions (height, width): (480, 480) vs (361, 448)
Error augmenting 44171.png (aug 1): Crop size (height, width) exceeds image dimensions (height, width): (480, 480) vs (448, 361)
Error augmenting 44187.png (aug 0): Crop size (height, width) exceeds image dimensions (height, width): (480, 480) vs (447, 795)
Error augmenting 44231.png (aug 1): Crop size (height, width) exceeds image dimensions (height, width): (480, 480) vs (610, 310)
Error augmenting 44420.png (aug 0): Crop size (height, width) exceeds image dimensions (height, width): (480, 480) vs (256, 320)
Error augmenting 44420.png (aug 1): Crop size (height, width) exceeds image dimensions (height, width): (480, 480) vs (256, 320)
Error augmenting 44475.png (aug 2): Crop size (height, width) exceeds image dimensions (height, width): (480, 480) vs (256, 256)
Error augmenting 44600.png (aug 0): Crop size (height, width) exceeds image dimensions (height, width): (480, 480) vs (256, 256)
Error augmenting 44600.png (aug 1): Crop size (height, width) exceeds image dimensions (height, width): (480, 480) vs (256, 256)
Error augmenting 44622.png (aug 1): Crop size (height, width) exceeds image dimensions (height, width): (480, 480) vs (167, 538)
Error augmenting 44656.png (aug 0): Crop size (height, width) exceeds image dimensions (height, width): (480, 480) vs (256, 256)
Error augmenting 44778.png (aug 1): Crop size (height, width) exceeds image dimensions (height, width): (480, 480) vs (76, 393)
Error augmenting 44928.png (aug 1): Crop size (height, width) exceeds image dimensions (height, width): (480, 480) vs (256, 256)
Error augmenting 45004.png (aug 0): Crop size (height, width) exceeds image dimensions (height, width): (480, 480) vs (256, 256)
Error augmenting 45124.png (aug 1): Crop size (height, width) exceeds image dimensions (height, width): (480, 480) vs (256, 320)
Error augmenting 45133.png (aug 2): Crop size (height, width) exceeds image dimensions (height, width): (480, 480) vs (256, 256)
Error augmenting 45218.png (aug 0): Crop size (height, width) exceeds image dimensions (height, width): (480, 480) vs (69, 517)
Error augmenting 45522.png (aug 1): Crop size (height, width) exceeds image dimensions (height, width): (480, 480) vs (106, 460)
Error augmenting 45686.png (aug 0): Crop size (height, width) exceeds image dimensions (height, width): (480, 480) vs (437, 132)
Error augmenting 45710.png (aug 2): Crop size (height, width) exceeds image dimensions (height, width): (480, 480) vs (907, 242)
Error augmenting 45712.png (aug 0): Crop size (height, width) exceeds image dimensions (height, width): (480, 480) vs (256, 256)
Error augmenting 45767.png (aug 1): Crop size (height, width) exceeds image dimensions (height, width): (480, 480) vs (204, 858)
Error augmenting 45784.png (aug 0): Crop size (height, width) exceeds image dimensions (height, width): (480, 480) vs (256, 256)
Error augmenting 45866.png (aug 2): Crop size (height, width) exceeds image dimensions (height, width): (480, 480) vs (73, 565)
Error augmenting 45913.png (aug 0): Crop size (height, width) exceeds image dimensions (height, width): (480, 480) vs (256, 256)
Error augmenting 46006.png (aug 1): Crop size (height, width) exceeds image dimensions (height, width): (480, 480) vs (233, 1042)
Error augmenting 46243.png (aug 2): Crop size (height, width) exceeds image dimensions (height, width): (480, 480) vs (74, 534)
Error augmenting 46309.png (aug 2): Crop size (height, width) exceeds image dimensions (height, width): (480, 480) vs (75, 1067)
Error augmenting 46356.png (aug 1): Crop size (height, width) exceeds image dimensions (height, width): (480, 480) vs (211, 1189)
Error augmenting 4650.png (aug 0): Crop size (height, width) exceeds image dimensions (height, width): (480, 480) vs (170, 579)
Error augmenting 4650.png (aug 1): Crop size (height, width) exceeds image dimensions (height, width): (480, 480) vs (170, 579)
Error augmenting 47017.png (aug 0): Crop size (height, width) exceeds image dimensions (height, width): (480, 480) vs (66, 319)
Error augmenting 47017.png (aug 1): Crop size (height, width) exceeds image dimensions (height, width): (480, 480) vs (66, 319)
Error augmenting 47069.png (aug 1): Crop size (height, width) exceeds image dimensions (height, width): (480, 480) vs (360, 360)
Error augmenting 47101.png (aug 1): Crop size (height, width) exceeds image dimensions (height, width): (480, 480) vs (360, 360)
Error augmenting 47261.png (aug 1): Crop size (height, width) exceeds image dimensions (height, width): (480, 480) vs (96, 593)
Error augmenting 47513.png (aug 0): Crop size (height, width) exceeds image dimensions (height, width): (480, 480) vs (68, 875)
Error augmenting 47513.png (aug 2): Crop size (height, width) exceeds image dimensions (height, width): (480, 480) vs (68, 875)
Error augmenting 48147.png (aug 1): Crop size (height, width) exceeds image dimensions (height, width): (480, 480) vs (256, 256)
Error augmenting 48207.png (aug 2): Crop size (height, width) exceeds image dimensions (height, width): (480, 480) vs (157, 1523)
Error augmenting 48275.png (aug 0): Crop size (height, width) exceeds image dimensions (height, width): (480, 480) vs (256, 256)
Error augmenting 48280.png (aug 0): Crop size (height, width) exceeds image dimensions (height, width): (480, 480) vs (256, 256)
Error augmenting 48293.png (aug 1): Crop size (height, width) exceeds image dimensions (height, width): (480, 480) vs (154, 619)
Error augmenting 48705.png (aug 1): Crop size (height, width) exceeds image dimensions (height, width): (480, 480) vs (256, 320)
Error augmenting 48730.png (aug 1): Crop size (height, width) exceeds image dimensions (height, width): (480, 480) vs (114, 1082)
Error augmenting 48945.png (aug 1): Crop size (height, width) exceeds image dimensions (height, width): (480, 480) vs (320, 256)
Error augmenting 4899.png (aug 0): Crop size (height, width) exceeds image dimensions (height, width): (480, 480) vs (874, 308)
Error augmenting 49318.png (aug 2): Crop size (height, width) exceeds image dimensions (height, width): (480, 480) vs (256, 256)
Error augmenting 49721.png (aug 0): Crop size (height, width) exceeds image dimensions (height, width): (480, 480) vs (256, 256)
Error augmenting 49797.png (aug 2): Crop size (height, width) exceeds image dimensions (height, width): (480, 480) vs (158, 436)
Error augmenting 49903.png (aug 2): Crop size (height, width) exceeds image dimensions (height, width): (480, 480) vs (1077, 131)
Error augmenting 49921.png (aug 1): Crop size (height, width) exceeds image dimensions (height, width): (480, 480) vs (157, 185)
Error augmenting 49969.png (aug 0): Crop size (height, width) exceeds image dimensions (height, width): (480, 480) vs (256, 256)
Error augmenting 50124.png (aug 0): Crop size (height, width) exceeds image dimensions (height, width): (480, 480) vs (360, 360)
Error augmenting 50124.png (aug 1): Crop size (height, width) exceeds image dimensions (height, width): (480, 480) vs (360, 360)
Error augmenting 50229.png (aug 2): Crop size (height, width) exceeds image dimensions (height, width): (480, 480) vs (260, 347)
Error augmenting 50280.png (aug 1): Crop size (height, width) exceeds image dimensions (height, width): (480, 480) vs (419, 528)
Error augmenting 50294.png (aug 2): Crop size (height, width) exceeds image dimensions (height, width): (480, 480) vs (256, 256)
Error augmenting 50396.png (aug 0): Crop size (height, width) exceeds image dimensions (height, width): (480, 480) vs (451, 349)
Error augmenting 50539.png (aug 1): Crop size (height, width) exceeds image dimensions (height, width): (480, 480) vs (256, 256)
Error augmenting 50568.png (aug 0): Crop size (height, width) exceeds image dimensions (height, width): (480, 480) vs (254, 123)
Error augmenting 50767.png (aug 0): Crop size (height, width) exceeds image dimensions (height, width): (480, 480) vs (159, 1306)
Error augmenting 50767.png (aug 2): Crop size (height, width) exceeds image dimensions (height, width): (480, 480) vs (159, 1306)
Error augmenting 50968.png (aug 2): Crop size (height, width) exceeds image dimensions (height, width): (480, 480) vs (256, 320)
Error augmenting 51087.png (aug 2): Crop size (height, width) exceeds image dimensions (height, width): (480, 480) vs (560, 107)
Error augmenting 51277.png (aug 2): Crop size (height, width) exceeds image dimensions (height, width): (480, 480) vs (256, 256)
Error augmenting 5130.png (aug 0): Crop size (height, width) exceeds image dimensions (height, width): (480, 480) vs (76, 799)
Error augmenting 51306.png (aug 0): Crop size (height, width) exceeds image dimensions (height, width): (480, 480) vs (122, 682)
Error augmenting 51306.png (aug 1): Crop size (height, width) exceeds image dimensions (height, width): (480, 480) vs (122, 682)
Error augmenting 51313.png (aug 1): Crop size (height, width) exceeds image dimensions (height, width): (480, 480) vs (606, 412)
Error augmenting 51342.png (aug 1): Crop size (height, width) exceeds image dimensions (height, width): (480, 480) vs (256, 256)
Error augmenting 51771.png (aug 2): Crop size (height, width) exceeds image dimensions (height, width): (480, 480) vs (67, 396)
Error augmenting 51831.png (aug 0): Crop size (height, width) exceeds image dimensions (height, width): (480, 480) vs (172, 196)
  Progress: 2000/2751
Error augmenting 52192.png (aug 0): Crop size (height, width) exceeds image dimensions (height, width): (480, 480) vs (364, 1068)
Error augmenting 52207.png (aug 0): Crop size (height, width) exceeds image dimensions (height, width): (480, 480) vs (162, 1134)
Error augmenting 52302.png (aug 2): Crop size (height, width) exceeds image dimensions (height, width): (480, 480) vs (360, 360)
Error augmenting 5233.png (aug 1): Crop size (height, width) exceeds image dimensions (height, width): (480, 480) vs (159, 428)
Error augmenting 52385.png (aug 0): Crop size (height, width) exceeds image dimensions (height, width): (480, 480) vs (74, 533)
Error augmenting 52521.png (aug 2): Crop size (height, width) exceeds image dimensions (height, width): (480, 480) vs (256, 256)
Error augmenting 52524.png (aug 2): Crop size (height, width) exceeds image dimensions (height, width): (480, 480) vs (118, 568)
Error augmenting 52666.png (aug 2): Crop size (height, width) exceeds image dimensions (height, width): (480, 480) vs (256, 256)
Error augmenting 52737.png (aug 0): Crop size (height, width) exceeds image dimensions (height, width): (480, 480) vs (198, 411)
Error augmenting 52737.png (aug 1): Crop size (height, width) exceeds image dimensions (height, width): (480, 480) vs (198, 411)
Error augmenting 52825.png (aug 0): Crop size (height, width) exceeds image dimensions (height, width): (480, 480) vs (256, 320)
Error augmenting 52825.png (aug 2): Crop size (height, width) exceeds image dimensions (height, width): (480, 480) vs (256, 320)
Error augmenting 52848.png (aug 0): Crop size (height, width) exceeds image dimensions (height, width): (480, 480) vs (97, 788)
Error augmenting 53495.png (aug 0): Crop size (height, width) exceeds image dimensions (height, width): (480, 480) vs (256, 256)
Error augmenting 5352.png (aug 0): Crop size (height, width) exceeds image dimensions (height, width): (480, 480) vs (90, 466)
Error augmenting 53570.png (aug 0): Crop size (height, width) exceeds image dimensions (height, width): (480, 480) vs (279, 516)
Error augmenting 5410.png (aug 2): Crop size (height, width) exceeds image dimensions (height, width): (480, 480) vs (256, 256)
Error augmenting 54150.png (aug 2): Crop size (height, width) exceeds image dimensions (height, width): (480, 480) vs (405, 234)
Error augmenting 54397.png (aug 1): Crop size (height, width) exceeds image dimensions (height, width): (480, 480) vs (256, 256)
Error augmenting 54439.png (aug 2): Crop size (height, width) exceeds image dimensions (height, width): (480, 480) vs (256, 320)
Error augmenting 54544.png (aug 0): Crop size (height, width) exceeds image dimensions (height, width): (480, 480) vs (69, 807)
Error augmenting 54735.png (aug 1): Crop size (height, width) exceeds image dimensions (height, width): (480, 480) vs (123, 612)
Error augmenting 54790.png (aug 0): Crop size (height, width) exceeds image dimensions (height, width): (480, 480) vs (256, 320)
Error augmenting 54849.png (aug 0): Crop size (height, width) exceeds image dimensions (height, width): (480, 480) vs (256, 256)
Error augmenting 54950.png (aug 0): Crop size (height, width) exceeds image dimensions (height, width): (480, 480) vs (360, 360)
Error augmenting 55037.png (aug 2): Crop size (height, width) exceeds image dimensions (height, width): (480, 480) vs (441, 260)
Error augmenting 55112.png (aug 2): Crop size (height, width) exceeds image dimensions (height, width): (480, 480) vs (256, 256)
Error augmenting 55156.png (aug 1): Crop size (height, width) exceeds image dimensions (height, width): (480, 480) vs (189, 1131)
Error augmenting 55494.png (aug 1): Crop size (height, width) exceeds image dimensions (height, width): (480, 480) vs (360, 360)
Error augmenting 5573.png (aug 0): Crop size (height, width) exceeds image dimensions (height, width): (480, 480) vs (256, 320)
Error augmenting 56127.png (aug 2): Crop size (height, width) exceeds image dimensions (height, width): (480, 480) vs (665, 451)
Error augmenting 56173.png (aug 0): Crop size (height, width) exceeds image dimensions (height, width): (480, 480) vs (256, 256)
Error augmenting 56839.png (aug 0): Crop size (height, width) exceeds image dimensions (height, width): (480, 480) vs (79, 775)
Error augmenting 56859.png (aug 1): Crop size (height, width) exceeds image dimensions (height, width): (480, 480) vs (256, 256)
Error augmenting 569.png (aug 0): Crop size (height, width) exceeds image dimensions (height, width): (480, 480) vs (125, 434)
Error augmenting 569.png (aug 1): Crop size (height, width) exceeds image dimensions (height, width): (480, 480) vs (125, 434)
Error augmenting 569.png (aug 2): Crop size (height, width) exceeds image dimensions (height, width): (480, 480) vs (125, 434)
Error augmenting 57285.png (aug 0): Crop size (height, width) exceeds image dimensions (height, width): (480, 480) vs (256, 256)
Error augmenting 57324.png (aug 2): Crop size (height, width) exceeds image dimensions (height, width): (480, 480) vs (106, 679)
Error augmenting 57342.png (aug 2): Crop size (height, width) exceeds image dimensions (height, width): (480, 480) vs (256, 256)
Error augmenting 57652.png (aug 0): Crop size (height, width) exceeds image dimensions (height, width): (480, 480) vs (1596, 112)
Error augmenting 5792.png (aug 0): Crop size (height, width) exceeds image dimensions (height, width): (480, 480) vs (360, 360)
Error augmenting 58055.png (aug 0): Crop size (height, width) exceeds image dimensions (height, width): (480, 480) vs (256, 320)
Error augmenting 58128.png (aug 0): Crop size (height, width) exceeds image dimensions (height, width): (480, 480) vs (131, 911)
Error augmenting 58128.png (aug 2): Crop size (height, width) exceeds image dimensions (height, width): (480, 480) vs (131, 911)
Error augmenting 58423.png (aug 2): Crop size (height, width) exceeds image dimensions (height, width): (480, 480) vs (256, 256)
Error augmenting 58493.png (aug 0): Crop size (height, width) exceeds image dimensions (height, width): (480, 480) vs (232, 608)
Error augmenting 58545.png (aug 1): Crop size (height, width) exceeds image dimensions (height, width): (480, 480) vs (319, 1713)
Error augmenting 58588.png (aug 2): Crop size (height, width) exceeds image dimensions (height, width): (480, 480) vs (256, 320)
Error augmenting 58692.png (aug 2): Crop size (height, width) exceeds image dimensions (height, width): (480, 480) vs (151, 211)
Error augmenting 58697.png (aug 0): Crop size (height, width) exceeds image dimensions (height, width): (480, 480) vs (360, 360)
Error augmenting 58710.png (aug 0): Crop size (height, width) exceeds image dimensions (height, width): (480, 480) vs (360, 360)
Error augmenting 58710.png (aug 2): Crop size (height, width) exceeds image dimensions (height, width): (480, 480) vs (360, 360)
Error augmenting 58723.png (aug 0): Crop size (height, width) exceeds image dimensions (height, width): (480, 480) vs (256, 256)
Error augmenting 58894.png (aug 0): Crop size (height, width) exceeds image dimensions (height, width): (480, 480) vs (134, 457)
Error augmenting 59000.png (aug 0): Crop size (height, width) exceeds image dimensions (height, width): (480, 480) vs (67, 449)
Error augmenting 59320.png (aug 1): Crop size (height, width) exceeds image dimensions (height, width): (480, 480) vs (1021, 343)
Error augmenting 59381.png (aug 0): Crop size (height, width) exceeds image dimensions (height, width): (480, 480) vs (256, 256)
Error augmenting 5939.png (aug 0): Crop size (height, width) exceeds image dimensions (height, width): (480, 480) vs (360, 360)
Error augmenting 59467.png (aug 1): Crop size (height, width) exceeds image dimensions (height, width): (480, 480) vs (106, 616)
Error augmenting 59531.png (aug 1): Crop size (height, width) exceeds image dimensions (height, width): (480, 480) vs (256, 256)
Error augmenting 60033.png (aug 0): Crop size (height, width) exceeds image dimensions (height, width): (480, 480) vs (163, 930)
Error augmenting 60057.png (aug 1): Crop size (height, width) exceeds image dimensions (height, width): (480, 480) vs (151, 477)
Error augmenting 6006.png (aug 1): Crop size (height, width) exceeds image dimensions (height, width): (480, 480) vs (287, 274)
Error augmenting 6006.png (aug 2): Crop size (height, width) exceeds image dimensions (height, width): (480, 480) vs (274, 287)
Error augmenting 6030.png (aug 2): Crop size (height, width) exceeds image dimensions (height, width): (480, 480) vs (256, 256)
Error augmenting 60319.png (aug 2): Crop size (height, width) exceeds image dimensions (height, width): (480, 480) vs (256, 320)
Error augmenting 60501.png (aug 2): Crop size (height, width) exceeds image dimensions (height, width): (480, 480) vs (360, 360)
Error augmenting 60954.png (aug 0): Crop size (height, width) exceeds image dimensions (height, width): (480, 480) vs (222, 1401)
Error augmenting 610.png (aug 2): Crop size (height, width) exceeds image dimensions (height, width): (480, 480) vs (185, 497)
Error augmenting 61072.png (aug 2): Crop size (height, width) exceeds image dimensions (height, width): (480, 480) vs (256, 256)
Error augmenting 61078.png (aug 1): Crop size (height, width) exceeds image dimensions (height, width): (480, 480) vs (318, 338)
Error augmenting 61212.png (aug 1): Crop size (height, width) exceeds image dimensions (height, width): (480, 480) vs (398, 265)
Error augmenting 61338.png (aug 1): Crop size (height, width) exceeds image dimensions (height, width): (480, 480) vs (256, 320)
Error augmenting 61540.png (aug 1): Crop size (height, width) exceeds image dimensions (height, width): (480, 480) vs (256, 256)
Error augmenting 61741.png (aug 2): Crop size (height, width) exceeds image dimensions (height, width): (480, 480) vs (475, 1413)
Error augmenting 6187.png (aug 2): Crop size (height, width) exceeds image dimensions (height, width): (480, 480) vs (163, 1382)
Error augmenting 61903.png (aug 2): Crop size (height, width) exceeds image dimensions (height, width): (480, 480) vs (360, 360)
Error augmenting 61946.png (aug 1): Crop size (height, width) exceeds image dimensions (height, width): (480, 480) vs (256, 320)
Error augmenting 62519.png (aug 0): Crop size (height, width) exceeds image dimensions (height, width): (480, 480) vs (123, 435)
Error augmenting 62733.png (aug 0): Crop size (height, width) exceeds image dimensions (height, width): (480, 480) vs (256, 320)
Error augmenting 63117.png (aug 0): Crop size (height, width) exceeds image dimensions (height, width): (480, 480) vs (256, 320)
Error augmenting 63282.png (aug 1): Crop size (height, width) exceeds image dimensions (height, width): (480, 480) vs (404, 447)
  Progress: 2500/2751
Error augmenting 63425.png (aug 2): Crop size (height, width) exceeds image dimensions (height, width): (480, 480) vs (238, 683)
Error augmenting 63689.png (aug 2): Crop size (height, width) exceeds image dimensions (height, width): (480, 480) vs (72, 641)
Error augmenting 63839.png (aug 2): Crop size (height, width) exceeds image dimensions (height, width): (480, 480) vs (415, 477)
Error augmenting 64006.png (aug 0): Crop size (height, width) exceeds image dimensions (height, width): (480, 480) vs (360, 360)
Error augmenting 64098.png (aug 1): Crop size (height, width) exceeds image dimensions (height, width): (480, 480) vs (256, 320)
Error augmenting 64120.png (aug 1): Crop size (height, width) exceeds image dimensions (height, width): (480, 480) vs (360, 360)
Error augmenting 64120.png (aug 2): Crop size (height, width) exceeds image dimensions (height, width): (480, 480) vs (360, 360)
Error augmenting 64134.png (aug 0): Crop size (height, width) exceeds image dimensions (height, width): (480, 480) vs (256, 256)
Error augmenting 64391.png (aug 0): Crop size (height, width) exceeds image dimensions (height, width): (480, 480) vs (360, 360)
Error augmenting 6454.png (aug 0): Crop size (height, width) exceeds image dimensions (height, width): (480, 480) vs (352, 491)
Error augmenting 6454.png (aug 2): Crop size (height, width) exceeds image dimensions (height, width): (480, 480) vs (352, 491)
Error augmenting 64750.png (aug 1): Crop size (height, width) exceeds image dimensions (height, width): (480, 480) vs (104, 615)
Error augmenting 64750.png (aug 2): Crop size (height, width) exceeds image dimensions (height, width): (480, 480) vs (615, 104)
Error augmenting 64881.png (aug 2): Crop size (height, width) exceeds image dimensions (height, width): (480, 480) vs (256, 256)
Error augmenting 6516.png (aug 0): Crop size (height, width) exceeds image dimensions (height, width): (480, 480) vs (256, 256)
Error augmenting 6516.png (aug 2): Crop size (height, width) exceeds image dimensions (height, width): (480, 480) vs (256, 256)
Error augmenting 65214.png (aug 1): Crop size (height, width) exceeds image dimensions (height, width): (480, 480) vs (256, 256)
Error augmenting 6596.png (aug 2): Crop size (height, width) exceeds image dimensions (height, width): (480, 480) vs (80, 552)
Error augmenting 6658.png (aug 0): Crop size (height, width) exceeds image dimensions (height, width): (480, 480) vs (109, 678)
Error augmenting 6676.png (aug 1): Crop size (height, width) exceeds image dimensions (height, width): (480, 480) vs (256, 256)
Error augmenting 6800.png (aug 0): Crop size (height, width) exceeds image dimensions (height, width): (480, 480) vs (360, 360)
Error augmenting 6800.png (aug 1): Crop size (height, width) exceeds image dimensions (height, width): (480, 480) vs (360, 360)
Error augmenting 6857.png (aug 1): Crop size (height, width) exceeds image dimensions (height, width): (480, 480) vs (256, 320)
Error augmenting 6857.png (aug 2): Crop size (height, width) exceeds image dimensions (height, width): (480, 480) vs (256, 320)
Error augmenting 6932.png (aug 2): Crop size (height, width) exceeds image dimensions (height, width): (480, 480) vs (256, 256)
Error augmenting 6999.png (aug 1): Crop size (height, width) exceeds image dimensions (height, width): (480, 480) vs (468, 532)
Error augmenting 7179.png (aug 0): Crop size (height, width) exceeds image dimensions (height, width): (480, 480) vs (256, 256)
Error augmenting 7282.png (aug 1): Crop size (height, width) exceeds image dimensions (height, width): (480, 480) vs (76, 393)
Error augmenting 752.png (aug 0): Crop size (height, width) exceeds image dimensions (height, width): (480, 480) vs (74, 426)
Error augmenting 7712.png (aug 2): Crop size (height, width) exceeds image dimensions (height, width): (480, 480) vs (204, 1867)
Error augmenting 8169.png (aug 0): Crop size (height, width) exceeds image dimensions (height, width): (480, 480) vs (256, 256)
Error augmenting 8266.png (aug 1): Crop size (height, width) exceeds image dimensions (height, width): (480, 480) vs (256, 256)
Error augmenting 8266.png (aug 2): Crop size (height, width) exceeds image dimensions (height, width): (480, 480) vs (256, 256)
Error augmenting 8268.png (aug 1): Crop size (height, width) exceeds image dimensions (height, width): (480, 480) vs (113, 582)
Error augmenting 8517.png (aug 1): Crop size (height, width) exceeds image dimensions (height, width): (480, 480) vs (256, 256)
Error augmenting 8711.png (aug 0): Crop size (height, width) exceeds image dimensions (height, width): (480, 480) vs (256, 256)
Error augmenting 8733.png (aug 1): Crop size (height, width) exceeds image dimensions (height, width): (480, 480) vs (763, 251)
Error augmenting 8807.png (aug 0): Crop size (height, width) exceeds image dimensions (height, width): (480, 480) vs (256, 256)
Error augmenting 8807.png (aug 2): Crop size (height, width) exceeds image dimensions (height, width): (480, 480) vs (256, 256)
Error augmenting 8886.png (aug 1): Crop size (height, width) exceeds image dimensions (height, width): (480, 480) vs (121, 495)
Error augmenting 899.png (aug 1): Crop size (height, width) exceeds image dimensions (height, width): (480, 480) vs (100, 1071)
Error augmenting 9042.png (aug 0): Crop size (height, width) exceeds image dimensions (height, width): (480, 480) vs (137, 777)
Error augmenting 9045.png (aug 2): Crop size (height, width) exceeds image dimensions (height, width): (480, 480) vs (256, 256)
Error augmenting 9096.png (aug 0): Crop size (height, width) exceeds image dimensions (height, width): (480, 480) vs (97, 901)
Error augmenting 9218.png (aug 2): Crop size (height, width) exceeds image dimensions (height, width): (480, 480) vs (180, 507)
Error augmenting 9732.png (aug 1): Crop size (height, width) exceeds image dimensions (height, width): (480, 480) vs (152, 713)
Error augmenting 9732.png (aug 2): Crop size (height, width) exceeds image dimensions (height, width): (480, 480) vs (713, 152)
Error augmenting 9807.png (aug 0): Crop size (height, width) exceeds image dimensions (height, width): (480, 480) vs (256, 320)
Error augmenting 9807.png (aug 2): Crop size (height, width) exceeds image dimensions (height, width): (480, 480) vs (256, 320)
Error augmenting 9967.png (aug 1): Crop size (height, width) exceeds image dimensions (height, width): (480, 480) vs (346, 620)

============================================================
AUGMENTATION COMPLETE
============================================================
Original forged images: 2751
Skipped (no mask or error): 0
Augmented images generated: 7486
Output: /home/swatson/work/MachineLearning/kaggle/ScientificImageForgeryDetection/train_images/forged_augmented
Masks: /home/swatson/work/MachineLearning/kaggle/ScientificImageForgeryDetection/train_masks_augmented

Total forged data available: 10237
