============================================================
Hard Negative Mining V4
============================================================
Device: cuda
Models to train: ['highres_no_ela', 'hard_negative', 'high_recall', 'enhanced_aug']
Hard negative images: 677
Found 677 hard negative images
Forged images: 2751

============================================================
Training highres_no_ela v4
============================================================
  Base model not found: /home/swatson/work/MachineLearning/kaggle/ScientificImageForgeryDetection/models/highres_no_ela_v3_best.pth

============================================================
Training hard_negative v4
============================================================
  Base model not found: /home/swatson/work/MachineLearning/kaggle/ScientificImageForgeryDetection/models/hard_negative_v3_best.pth

============================================================
Training high_recall v4
============================================================
  Base model not found: /home/swatson/work/MachineLearning/kaggle/ScientificImageForgeryDetection/models/high_recall_v3_best.pth

============================================================
Training enhanced_aug v4
============================================================
  Base model not found: /home/swatson/work/MachineLearning/kaggle/ScientificImageForgeryDetection/models/enhanced_aug_v3_best.pth

Total training time: 0.0 hours
