============================================================
TRAINING BINARY CLASSIFIER (Stage 1)
============================================================
Device: cuda
Hard negatives: disabled

Forged images: 2751
Authentic images: 2377
Hard negatives: 0
Train: 2476 forged, 2140 authentic, 0 hard neg
Val: 275 forged, 237 authentic, 0 hard neg
Epoch 1/20 - Loss: 0.6828, Train Acc: 0.542, Val Acc: 0.641, Time: 74s
  Precision: 0.628, Recall: 0.811
  TP: 223, FP: 132, TN: 105, FN: 52
  ✓ Saved best model (Acc: 0.641)
Epoch 2/20 - Loss: 0.5341, Train Acc: 0.704, Val Acc: 0.793, Time: 73s
  Precision: 0.783, Recall: 0.851
  TP: 234, FP: 65, TN: 172, FN: 41
  ✓ Saved best model (Acc: 0.793)
Epoch 3/20 - Loss: 0.4509, Train Acc: 0.754, Val Acc: 0.793, Time: 73s
  Precision: 0.810, Recall: 0.804
  TP: 221, FP: 52, TN: 185, FN: 54
Epoch 4/20 - Loss: 0.4124, Train Acc: 0.775, Val Acc: 0.818, Time: 73s
  Precision: 0.873, Recall: 0.775
  TP: 213, FP: 31, TN: 206, FN: 62
  ✓ Saved best model (Acc: 0.818)
Epoch 5/20 - Loss: 0.3825, Train Acc: 0.796, Val Acc: 0.791, Time: 73s
  Precision: 0.768, Recall: 0.876
  TP: 241, FP: 73, TN: 164, FN: 34
Epoch 6/20 - Loss: 0.3580, Train Acc: 0.803, Val Acc: 0.840, Time: 73s
  Precision: 0.823, Recall: 0.895
  TP: 246, FP: 53, TN: 184, FN: 29
  ✓ Saved best model (Acc: 0.840)
Epoch 7/20 - Loss: 0.3473, Train Acc: 0.812, Val Acc: 0.814, Time: 73s
  Precision: 0.806, Recall: 0.862
  TP: 237, FP: 57, TN: 180, FN: 38
Epoch 8/20 - Loss: 0.3356, Train Acc: 0.821, Val Acc: 0.812, Time: 73s
  Precision: 0.799, Recall: 0.869
  TP: 239, FP: 60, TN: 177, FN: 36
Epoch 9/20 - Loss: 0.3238, Train Acc: 0.822, Val Acc: 0.818, Time: 73s
  Precision: 0.797, Recall: 0.887
  TP: 244, FP: 62, TN: 175, FN: 31
Epoch 10/20 - Loss: 0.3081, Train Acc: 0.830, Val Acc: 0.832, Time: 73s
  Precision: 0.825, Recall: 0.873
  TP: 240, FP: 51, TN: 186, FN: 35
Epoch 11/20 - Loss: 0.2883, Train Acc: 0.843, Val Acc: 0.814, Time: 73s
  Precision: 0.808, Recall: 0.858
  TP: 236, FP: 56, TN: 181, FN: 39
Epoch 12/20 - Loss: 0.2809, Train Acc: 0.842, Val Acc: 0.803, Time: 73s
  Precision: 0.806, Recall: 0.833
  TP: 229, FP: 55, TN: 182, FN: 46
Epoch 13/20 - Loss: 0.2752, Train Acc: 0.849, Val Acc: 0.805, Time: 73s
  Precision: 0.803, Recall: 0.844
  TP: 232, FP: 57, TN: 180, FN: 43
Epoch 14/20 - Loss: 0.2631, Train Acc: 0.855, Val Acc: 0.807, Time: 73s
  Precision: 0.810, Recall: 0.836
  TP: 230, FP: 54, TN: 183, FN: 45
Epoch 15/20 - Loss: 0.2592, Train Acc: 0.857, Val Acc: 0.805, Time: 73s
  Precision: 0.799, Recall: 0.851
  TP: 234, FP: 59, TN: 178, FN: 41
Epoch 16/20 - Loss: 0.2544, Train Acc: 0.856, Val Acc: 0.799, Time: 73s
  Precision: 0.793, Recall: 0.847
  TP: 233, FP: 61, TN: 176, FN: 42
Epoch 17/20 - Loss: 0.2468, Train Acc: 0.860, Val Acc: 0.789, Time: 73s
  Precision: 0.797, Recall: 0.815
  TP: 224, FP: 57, TN: 180, FN: 51
Epoch 18/20 - Loss: 0.2462, Train Acc: 0.863, Val Acc: 0.795, Time: 73s
  Precision: 0.795, Recall: 0.833
  TP: 229, FP: 59, TN: 178, FN: 46
Epoch 19/20 - Loss: 0.2454, Train Acc: 0.866, Val Acc: 0.799, Time: 73s
  Precision: 0.812, Recall: 0.815
  TP: 224, FP: 52, TN: 185, FN: 51
Epoch 20/20 - Loss: 0.2384, Train Acc: 0.865, Val Acc: 0.789, Time: 73s
  Precision: 0.795, Recall: 0.818
  TP: 225, FP: 58, TN: 179, FN: 50

Training complete! Best Acc: 0.840
Model saved to: /home/swatson/work/MachineLearning/kaggle/ScientificImageForgeryDetection/models/binary_classifier_best.pth
Hard negatives used: 0
