
========================================================================
 PHASE 1: INITIAL MODEL TRAINING
========================================================================
[2025-12-23 23:23:55] Training initial segmentation models...
[2025-12-24 13:02:17] Initial segmentation training complete.
[2025-12-24 13:02:17] Training binary classifier...
[2025-12-24 13:26:39] Binary classifier training complete.

========================================================================
 PHASE 2: HARD NEGATIVE MINING
========================================================================
[2025-12-24 13:26:39] Running hard negative mining on authentic test images...
[2025-12-24 13:27:30] Found 44 hard negatives
[2025-12-24 13:27:30] Hard negative mining complete.

========================================================================
 PHASE 3: RETRAINING WITH HARD NEGATIVES
========================================================================
[2025-12-24 13:27:30] Retraining with 44 hard negatives...
[2025-12-24 13:27:30] Retraining segmentation models...
[2025-12-25 07:47:30] Segmentation retraining complete.
[2025-12-25 07:47:30] Retraining binary classifier with hard negatives...
[2025-12-25 08:12:02] Classifier retraining complete.
[2025-12-25 08:12:02] Training v4 segmentation models...
[2025-12-25 13:00:46] All retraining complete.
