================================================================================
TRAINING WITH AUGMENTED DATA
================================================================================
Device: cuda
Image size: 512
Batch size: 4
Epochs: 25

Original forged: 2751
Augmented forged: 8183
Total forged: 10934
Original authentic: 2377
Total authentic: 2377
Loading hard negatives from: /home/swatson/work/MachineLearning/kaggle/ScientificImageForgeryDetection/hard_negative_ids.txt
Loaded 44 hard negative IDs from file
Hard negatives: 44

================================================================================
TRAINING: highres_no_ela
================================================================================
Dataset: 10934 forged + 2377 authentic + 44 hard neg
Total samples: 13355
Batches per epoch: 3339
Parameters: 9,465,556
Epoch 1: Loss=0.3877
  ✓ Saved best model to /home/swatson/work/MachineLearning/kaggle/ScientificImageForgeryDetection/models/highres_no_ela_v3_best.pth
Epoch 2: Loss=0.3521
  ✓ Saved best model to /home/swatson/work/MachineLearning/kaggle/ScientificImageForgeryDetection/models/highres_no_ela_v3_best.pth
Epoch 3: Loss=0.3365
  ✓ Saved best model to /home/swatson/work/MachineLearning/kaggle/ScientificImageForgeryDetection/models/highres_no_ela_v3_best.pth
Epoch 4: Loss=0.3244
  ✓ Saved best model to /home/swatson/work/MachineLearning/kaggle/ScientificImageForgeryDetection/models/highres_no_ela_v3_best.pth
Epoch 5: Loss=0.3125
  ✓ Saved best model to /home/swatson/work/MachineLearning/kaggle/ScientificImageForgeryDetection/models/highres_no_ela_v3_best.pth
Epoch 6: Loss=0.3122
  ✓ Saved best model to /home/swatson/work/MachineLearning/kaggle/ScientificImageForgeryDetection/models/highres_no_ela_v3_best.pth
Epoch 7: Loss=0.3051
  ✓ Saved best model to /home/swatson/work/MachineLearning/kaggle/ScientificImageForgeryDetection/models/highres_no_ela_v3_best.pth
Epoch 8: Loss=0.2992
  ✓ Saved best model to /home/swatson/work/MachineLearning/kaggle/ScientificImageForgeryDetection/models/highres_no_ela_v3_best.pth
Epoch 9: Loss=0.2937
  ✓ Saved best model to /home/swatson/work/MachineLearning/kaggle/ScientificImageForgeryDetection/models/highres_no_ela_v3_best.pth
Epoch 10: Loss=0.2880
  ✓ Saved best model to /home/swatson/work/MachineLearning/kaggle/ScientificImageForgeryDetection/models/highres_no_ela_v3_best.pth
Epoch 11: Loss=0.2831
  ✓ Saved best model to /home/swatson/work/MachineLearning/kaggle/ScientificImageForgeryDetection/models/highres_no_ela_v3_best.pth
Epoch 12: Loss=0.2798
  ✓ Saved best model to /home/swatson/work/MachineLearning/kaggle/ScientificImageForgeryDetection/models/highres_no_ela_v3_best.pth
Epoch 13: Loss=0.2765
  ✓ Saved best model to /home/swatson/work/MachineLearning/kaggle/ScientificImageForgeryDetection/models/highres_no_ela_v3_best.pth
Epoch 14: Loss=0.2717
  ✓ Saved best model to /home/swatson/work/MachineLearning/kaggle/ScientificImageForgeryDetection/models/highres_no_ela_v3_best.pth
Epoch 15: Loss=0.2664
  ✓ Saved best model to /home/swatson/work/MachineLearning/kaggle/ScientificImageForgeryDetection/models/highres_no_ela_v3_best.pth
Epoch 16: Loss=0.2651
  ✓ Saved best model to /home/swatson/work/MachineLearning/kaggle/ScientificImageForgeryDetection/models/highres_no_ela_v3_best.pth
Epoch 17: Loss=0.2593
  ✓ Saved best model to /home/swatson/work/MachineLearning/kaggle/ScientificImageForgeryDetection/models/highres_no_ela_v3_best.pth
Epoch 18: Loss=0.2542
  ✓ Saved best model to /home/swatson/work/MachineLearning/kaggle/ScientificImageForgeryDetection/models/highres_no_ela_v3_best.pth
Epoch 19: Loss=0.2525
  ✓ Saved best model to /home/swatson/work/MachineLearning/kaggle/ScientificImageForgeryDetection/models/highres_no_ela_v3_best.pth
Epoch 20: Loss=0.2464
  ✓ Saved best model to /home/swatson/work/MachineLearning/kaggle/ScientificImageForgeryDetection/models/highres_no_ela_v3_best.pth
Epoch 21: Loss=0.2475
Epoch 22: Loss=0.2435
  ✓ Saved best model to /home/swatson/work/MachineLearning/kaggle/ScientificImageForgeryDetection/models/highres_no_ela_v3_best.pth
Epoch 23: Loss=0.2448
Epoch 24: Loss=0.2439
Epoch 25: Loss=0.2458

Training complete. Best loss: 0.2435

================================================================================
TRAINING: hard_negative
================================================================================
Dataset: 10934 forged + 2377 authentic + 44 hard neg
Total samples: 13355
Batches per epoch: 3339
Parameters: 9,465,556
Epoch 1: Loss=0.3861
  ✓ Saved best model to /home/swatson/work/MachineLearning/kaggle/ScientificImageForgeryDetection/models/hard_negative_v3_best.pth
Epoch 2: Loss=0.3530
  ✓ Saved best model to /home/swatson/work/MachineLearning/kaggle/ScientificImageForgeryDetection/models/hard_negative_v3_best.pth
Epoch 3: Loss=0.3350
  ✓ Saved best model to /home/swatson/work/MachineLearning/kaggle/ScientificImageForgeryDetection/models/hard_negative_v3_best.pth
Epoch 4: Loss=0.3257
  ✓ Saved best model to /home/swatson/work/MachineLearning/kaggle/ScientificImageForgeryDetection/models/hard_negative_v3_best.pth
Epoch 5: Loss=0.3224
  ✓ Saved best model to /home/swatson/work/MachineLearning/kaggle/ScientificImageForgeryDetection/models/hard_negative_v3_best.pth
Epoch 6: Loss=0.3082
  ✓ Saved best model to /home/swatson/work/MachineLearning/kaggle/ScientificImageForgeryDetection/models/hard_negative_v3_best.pth
Epoch 7: Loss=0.3055
  ✓ Saved best model to /home/swatson/work/MachineLearning/kaggle/ScientificImageForgeryDetection/models/hard_negative_v3_best.pth
Epoch 8: Loss=0.2953
  ✓ Saved best model to /home/swatson/work/MachineLearning/kaggle/ScientificImageForgeryDetection/models/hard_negative_v3_best.pth
Epoch 9: Loss=0.2949
  ✓ Saved best model to /home/swatson/work/MachineLearning/kaggle/ScientificImageForgeryDetection/models/hard_negative_v3_best.pth
Epoch 10: Loss=0.2887
  ✓ Saved best model to /home/swatson/work/MachineLearning/kaggle/ScientificImageForgeryDetection/models/hard_negative_v3_best.pth
Epoch 11: Loss=0.2862
  ✓ Saved best model to /home/swatson/work/MachineLearning/kaggle/ScientificImageForgeryDetection/models/hard_negative_v3_best.pth
Epoch 12: Loss=0.2839
  ✓ Saved best model to /home/swatson/work/MachineLearning/kaggle/ScientificImageForgeryDetection/models/hard_negative_v3_best.pth
Epoch 13: Loss=0.2773
  ✓ Saved best model to /home/swatson/work/MachineLearning/kaggle/ScientificImageForgeryDetection/models/hard_negative_v3_best.pth
Epoch 14: Loss=0.2739
  ✓ Saved best model to /home/swatson/work/MachineLearning/kaggle/ScientificImageForgeryDetection/models/hard_negative_v3_best.pth
Epoch 15: Loss=0.2703
  ✓ Saved best model to /home/swatson/work/MachineLearning/kaggle/ScientificImageForgeryDetection/models/hard_negative_v3_best.pth
Epoch 16: Loss=0.2626
  ✓ Saved best model to /home/swatson/work/MachineLearning/kaggle/ScientificImageForgeryDetection/models/hard_negative_v3_best.pth
Epoch 17: Loss=0.2624
  ✓ Saved best model to /home/swatson/work/MachineLearning/kaggle/ScientificImageForgeryDetection/models/hard_negative_v3_best.pth
Epoch 18: Loss=0.2564
  ✓ Saved best model to /home/swatson/work/MachineLearning/kaggle/ScientificImageForgeryDetection/models/hard_negative_v3_best.pth
Epoch 19: Loss=0.2534
  ✓ Saved best model to /home/swatson/work/MachineLearning/kaggle/ScientificImageForgeryDetection/models/hard_negative_v3_best.pth
Epoch 20: Loss=0.2518
  ✓ Saved best model to /home/swatson/work/MachineLearning/kaggle/ScientificImageForgeryDetection/models/hard_negative_v3_best.pth
Epoch 21: Loss=0.2530
Epoch 22: Loss=0.2475
  ✓ Saved best model to /home/swatson/work/MachineLearning/kaggle/ScientificImageForgeryDetection/models/hard_negative_v3_best.pth
Epoch 23: Loss=0.2463
  ✓ Saved best model to /home/swatson/work/MachineLearning/kaggle/ScientificImageForgeryDetection/models/hard_negative_v3_best.pth
Epoch 24: Loss=0.2445
  ✓ Saved best model to /home/swatson/work/MachineLearning/kaggle/ScientificImageForgeryDetection/models/hard_negative_v3_best.pth
Epoch 25: Loss=0.2469

Training complete. Best loss: 0.2445

================================================================================
TRAINING: high_recall
================================================================================
Dataset: 10934 forged + 2377 authentic + 44 hard neg
Total samples: 13355
Batches per epoch: 3339
Parameters: 9,465,556
Epoch 1: Loss=0.3900
  ✓ Saved best model to /home/swatson/work/MachineLearning/kaggle/ScientificImageForgeryDetection/models/high_recall_v3_best.pth
Epoch 2: Loss=0.3494
  ✓ Saved best model to /home/swatson/work/MachineLearning/kaggle/ScientificImageForgeryDetection/models/high_recall_v3_best.pth
Epoch 3: Loss=0.3338
  ✓ Saved best model to /home/swatson/work/MachineLearning/kaggle/ScientificImageForgeryDetection/models/high_recall_v3_best.pth
Epoch 4: Loss=0.3247
  ✓ Saved best model to /home/swatson/work/MachineLearning/kaggle/ScientificImageForgeryDetection/models/high_recall_v3_best.pth
Epoch 5: Loss=0.3129
  ✓ Saved best model to /home/swatson/work/MachineLearning/kaggle/ScientificImageForgeryDetection/models/high_recall_v3_best.pth
Epoch 6: Loss=0.3118
  ✓ Saved best model to /home/swatson/work/MachineLearning/kaggle/ScientificImageForgeryDetection/models/high_recall_v3_best.pth
Epoch 7: Loss=0.3064
  ✓ Saved best model to /home/swatson/work/MachineLearning/kaggle/ScientificImageForgeryDetection/models/high_recall_v3_best.pth
Epoch 8: Loss=0.2997
  ✓ Saved best model to /home/swatson/work/MachineLearning/kaggle/ScientificImageForgeryDetection/models/high_recall_v3_best.pth
Epoch 9: Loss=0.2971
  ✓ Saved best model to /home/swatson/work/MachineLearning/kaggle/ScientificImageForgeryDetection/models/high_recall_v3_best.pth
Epoch 10: Loss=0.2884
  ✓ Saved best model to /home/swatson/work/MachineLearning/kaggle/ScientificImageForgeryDetection/models/high_recall_v3_best.pth
Epoch 11: Loss=0.2880
  ✓ Saved best model to /home/swatson/work/MachineLearning/kaggle/ScientificImageForgeryDetection/models/high_recall_v3_best.pth
Epoch 12: Loss=0.2817
  ✓ Saved best model to /home/swatson/work/MachineLearning/kaggle/ScientificImageForgeryDetection/models/high_recall_v3_best.pth
Epoch 13: Loss=0.2763
  ✓ Saved best model to /home/swatson/work/MachineLearning/kaggle/ScientificImageForgeryDetection/models/high_recall_v3_best.pth
Epoch 14: Loss=0.2770
Epoch 15: Loss=0.2676
  ✓ Saved best model to /home/swatson/work/MachineLearning/kaggle/ScientificImageForgeryDetection/models/high_recall_v3_best.pth
Epoch 16: Loss=0.2646
  ✓ Saved best model to /home/swatson/work/MachineLearning/kaggle/ScientificImageForgeryDetection/models/high_recall_v3_best.pth
Epoch 17: Loss=0.2588
  ✓ Saved best model to /home/swatson/work/MachineLearning/kaggle/ScientificImageForgeryDetection/models/high_recall_v3_best.pth
Epoch 18: Loss=0.2573
  ✓ Saved best model to /home/swatson/work/MachineLearning/kaggle/ScientificImageForgeryDetection/models/high_recall_v3_best.pth
Epoch 19: Loss=0.2525
  ✓ Saved best model to /home/swatson/work/MachineLearning/kaggle/ScientificImageForgeryDetection/models/high_recall_v3_best.pth
Epoch 20: Loss=0.2525
Epoch 21: Loss=0.2484
  ✓ Saved best model to /home/swatson/work/MachineLearning/kaggle/ScientificImageForgeryDetection/models/high_recall_v3_best.pth
Epoch 22: Loss=0.2475
  ✓ Saved best model to /home/swatson/work/MachineLearning/kaggle/ScientificImageForgeryDetection/models/high_recall_v3_best.pth
Epoch 23: Loss=0.2461
  ✓ Saved best model to /home/swatson/work/MachineLearning/kaggle/ScientificImageForgeryDetection/models/high_recall_v3_best.pth
Epoch 24: Loss=0.2464
Epoch 25: Loss=0.2463

Training complete. Best loss: 0.2461

================================================================================
TRAINING: enhanced_aug
================================================================================
Dataset: 10934 forged + 2377 authentic + 44 hard neg
Total samples: 13355
Batches per epoch: 3339
Parameters: 9,465,556
Epoch 1: Loss=0.3867
  ✓ Saved best model to /home/swatson/work/MachineLearning/kaggle/ScientificImageForgeryDetection/models/enhanced_aug_v3_best.pth
Epoch 2: Loss=0.3532
  ✓ Saved best model to /home/swatson/work/MachineLearning/kaggle/ScientificImageForgeryDetection/models/enhanced_aug_v3_best.pth
Epoch 3: Loss=0.3416
  ✓ Saved best model to /home/swatson/work/MachineLearning/kaggle/ScientificImageForgeryDetection/models/enhanced_aug_v3_best.pth
Epoch 4: Loss=0.3281
  ✓ Saved best model to /home/swatson/work/MachineLearning/kaggle/ScientificImageForgeryDetection/models/enhanced_aug_v3_best.pth
Epoch 5: Loss=0.3197
  ✓ Saved best model to /home/swatson/work/MachineLearning/kaggle/ScientificImageForgeryDetection/models/enhanced_aug_v3_best.pth
Epoch 6: Loss=0.3111
  ✓ Saved best model to /home/swatson/work/MachineLearning/kaggle/ScientificImageForgeryDetection/models/enhanced_aug_v3_best.pth
Epoch 7: Loss=0.3054
  ✓ Saved best model to /home/swatson/work/MachineLearning/kaggle/ScientificImageForgeryDetection/models/enhanced_aug_v3_best.pth
Epoch 8: Loss=0.3039
  ✓ Saved best model to /home/swatson/work/MachineLearning/kaggle/ScientificImageForgeryDetection/models/enhanced_aug_v3_best.pth
Epoch 9: Loss=0.2982
  ✓ Saved best model to /home/swatson/work/MachineLearning/kaggle/ScientificImageForgeryDetection/models/enhanced_aug_v3_best.pth
Epoch 10: Loss=0.2906
  ✓ Saved best model to /home/swatson/work/MachineLearning/kaggle/ScientificImageForgeryDetection/models/enhanced_aug_v3_best.pth
Epoch 11: Loss=0.2822
  ✓ Saved best model to /home/swatson/work/MachineLearning/kaggle/ScientificImageForgeryDetection/models/enhanced_aug_v3_best.pth
Epoch 12: Loss=0.2754
  ✓ Saved best model to /home/swatson/work/MachineLearning/kaggle/ScientificImageForgeryDetection/models/enhanced_aug_v3_best.pth
Epoch 13: Loss=0.2752
  ✓ Saved best model to /home/swatson/work/MachineLearning/kaggle/ScientificImageForgeryDetection/models/enhanced_aug_v3_best.pth
Epoch 14: Loss=0.2716
  ✓ Saved best model to /home/swatson/work/MachineLearning/kaggle/ScientificImageForgeryDetection/models/enhanced_aug_v3_best.pth
Epoch 15: Loss=0.2669
  ✓ Saved best model to /home/swatson/work/MachineLearning/kaggle/ScientificImageForgeryDetection/models/enhanced_aug_v3_best.pth
Epoch 16: Loss=0.2628
  ✓ Saved best model to /home/swatson/work/MachineLearning/kaggle/ScientificImageForgeryDetection/models/enhanced_aug_v3_best.pth
Epoch 17: Loss=0.2563
  ✓ Saved best model to /home/swatson/work/MachineLearning/kaggle/ScientificImageForgeryDetection/models/enhanced_aug_v3_best.pth
Epoch 18: Loss=0.2511
  ✓ Saved best model to /home/swatson/work/MachineLearning/kaggle/ScientificImageForgeryDetection/models/enhanced_aug_v3_best.pth
Epoch 19: Loss=0.2526
Epoch 20: Loss=0.2505
  ✓ Saved best model to /home/swatson/work/MachineLearning/kaggle/ScientificImageForgeryDetection/models/enhanced_aug_v3_best.pth
Epoch 21: Loss=0.2480
  ✓ Saved best model to /home/swatson/work/MachineLearning/kaggle/ScientificImageForgeryDetection/models/enhanced_aug_v3_best.pth
Epoch 22: Loss=0.2448
  ✓ Saved best model to /home/swatson/work/MachineLearning/kaggle/ScientificImageForgeryDetection/models/enhanced_aug_v3_best.pth
Epoch 23: Loss=0.2463
Epoch 24: Loss=0.2441
  ✓ Saved best model to /home/swatson/work/MachineLearning/kaggle/ScientificImageForgeryDetection/models/enhanced_aug_v3_best.pth
Epoch 25: Loss=0.2441
  ✓ Saved best model to /home/swatson/work/MachineLearning/kaggle/ScientificImageForgeryDetection/models/enhanced_aug_v3_best.pth

Training complete. Best loss: 0.2441

