============================================================
Hard Negative Mining V4
============================================================
Device: cuda
Models to train: ['highres_no_ela', 'hard_negative', 'high_recall', 'enhanced_aug']
Hard negative images: 677
Found 677 hard negative images
Forged images: 2751

============================================================
Training highres_no_ela v4
============================================================
  Loaded base model: highres_no_ela_v3_best.pth
Dataset: 2751 forged + 677 hard negatives
  Saved best model (epoch 1, loss=0.3093)
  Saved best model (epoch 2, loss=0.3066)
  Saved best model (epoch 4, loss=0.3063)
  Saved best model (epoch 5, loss=0.3034)
  Saved best model (epoch 7, loss=0.2895)
  Saved best model (epoch 14, loss=0.2806)
  Saved best model (epoch 17, loss=0.2756)
  Saved best model (epoch 19, loss=0.2716)
  Saved best model (epoch 20, loss=0.2709)
  Saved best model (epoch 22, loss=0.2689)
  Saved best model (epoch 23, loss=0.2673)
  Training complete. Best: epoch 23, loss=0.2673

============================================================
Training hard_negative v4
============================================================
  Loaded base model: hard_negative_v3_best.pth
Dataset: 2751 forged + 677 hard negatives
  Saved best model (epoch 1, loss=0.3100)
  Saved best model (epoch 4, loss=0.3058)
  Saved best model (epoch 5, loss=0.3038)
  Saved best model (epoch 7, loss=0.2937)
  Saved best model (epoch 9, loss=0.2883)
  Saved best model (epoch 12, loss=0.2880)
  Saved best model (epoch 15, loss=0.2852)
  Saved best model (epoch 16, loss=0.2834)
  Saved best model (epoch 18, loss=0.2764)
  Saved best model (epoch 24, loss=0.2704)
  Training complete. Best: epoch 24, loss=0.2704

============================================================
Training high_recall v4
============================================================
  Loaded base model: high_recall_v3_best.pth
Dataset: 2751 forged + 677 hard negatives
  Saved best model (epoch 1, loss=0.3047)
  Saved best model (epoch 5, loss=0.3035)
  Saved best model (epoch 6, loss=0.3028)
  Saved best model (epoch 7, loss=0.3019)
  Saved best model (epoch 8, loss=0.3002)
  Saved best model (epoch 10, loss=0.2931)
  Saved best model (epoch 12, loss=0.2892)
  Saved best model (epoch 13, loss=0.2836)
  Saved best model (epoch 16, loss=0.2743)
  Saved best model (epoch 17, loss=0.2725)
  Saved best model (epoch 20, loss=0.2693)
  Saved best model (epoch 21, loss=0.2689)
  Saved best model (epoch 24, loss=0.2687)
  Saved best model (epoch 25, loss=0.2635)
  Training complete. Best: epoch 25, loss=0.2635

============================================================
Training enhanced_aug v4
============================================================
  Loaded base model: enhanced_aug_v3_best.pth
Dataset: 2751 forged + 677 hard negatives
  Saved best model (epoch 1, loss=0.3033)
  Saved best model (epoch 6, loss=0.3005)
  Saved best model (epoch 7, loss=0.2994)
  Saved best model (epoch 9, loss=0.2933)
  Saved best model (epoch 10, loss=0.2911)
  Saved best model (epoch 13, loss=0.2787)
  Saved best model (epoch 17, loss=0.2721)
  Saved best model (epoch 22, loss=0.2627)
  Saved best model (epoch 25, loss=0.2597)
  Training complete. Best: epoch 25, loss=0.2597

Total training time: 4.8 hours
