============================================================
Hard Negative Mining V4
============================================================
Device: cuda
Models to train: ['highres_no_ela', 'hard_negative', 'high_recall', 'enhanced_aug']
Hard negative images: 677
Found 677 hard negative images
Forged images: 2751

============================================================
Training highres_no_ela v4
============================================================
  Loaded base model: highres_no_ela_v3_best.pth
Dataset: 2751 forged + 677 hard negatives
  Saved best model (epoch 1, loss=0.3192)
  Saved best model (epoch 2, loss=0.3179)
  Saved best model (epoch 3, loss=0.3075)
  Saved best model (epoch 4, loss=0.3019)
  Saved best model (epoch 8, loss=0.2993)
  Saved best model (epoch 10, loss=0.2926)
  Saved best model (epoch 12, loss=0.2896)
  Saved best model (epoch 14, loss=0.2859)
  Saved best model (epoch 15, loss=0.2827)
  Saved best model (epoch 16, loss=0.2802)
  Saved best model (epoch 18, loss=0.2766)
  Saved best model (epoch 19, loss=0.2752)
  Saved best model (epoch 20, loss=0.2675)
  Training complete. Best: epoch 20, loss=0.2675

============================================================
Training hard_negative v4
============================================================
  Loaded base model: hard_negative_v3_best.pth
Dataset: 2751 forged + 677 hard negatives
  Saved best model (epoch 1, loss=0.3003)
  Saved best model (epoch 4, loss=0.2970)
  Saved best model (epoch 10, loss=0.2953)
  Saved best model (epoch 11, loss=0.2858)
  Saved best model (epoch 13, loss=0.2846)
  Saved best model (epoch 14, loss=0.2826)
  Saved best model (epoch 15, loss=0.2797)
  Saved best model (epoch 16, loss=0.2784)
  Saved best model (epoch 20, loss=0.2779)
  Saved best model (epoch 21, loss=0.2726)
  Saved best model (epoch 23, loss=0.2705)
  Training complete. Best: epoch 23, loss=0.2705

============================================================
Training high_recall v4
============================================================
  Loaded base model: high_recall_v3_best.pth
Dataset: 2751 forged + 677 hard negatives
  Saved best model (epoch 1, loss=0.3143)
  Saved best model (epoch 3, loss=0.3102)
  Saved best model (epoch 5, loss=0.2993)
  Saved best model (epoch 6, loss=0.2926)
  Saved best model (epoch 12, loss=0.2872)
  Saved best model (epoch 13, loss=0.2812)
  Saved best model (epoch 15, loss=0.2787)
  Saved best model (epoch 17, loss=0.2776)
  Saved best model (epoch 19, loss=0.2741)
  Saved best model (epoch 21, loss=0.2705)
  Training complete. Best: epoch 21, loss=0.2705

============================================================
Training enhanced_aug v4
============================================================
  Loaded base model: enhanced_aug_v3_best.pth
Dataset: 2751 forged + 677 hard negatives
  Saved best model (epoch 1, loss=0.3060)
  Saved best model (epoch 5, loss=0.3027)
  Saved best model (epoch 8, loss=0.2919)
  Saved best model (epoch 11, loss=0.2873)
  Saved best model (epoch 14, loss=0.2809)
  Saved best model (epoch 17, loss=0.2682)
  Saved best model (epoch 18, loss=0.2670)
  Saved best model (epoch 22, loss=0.2586)
  Training complete. Best: epoch 22, loss=0.2586

Total training time: 4.8 hours
